<?xml version="1.0" encoding="UTF-8"?>
<testng-results ignored="0" total="2" passed="2" failed="0" skipped="0">
  <reporter-output>
  </reporter-output>
  <suite started-at="2024-01-09T03:28:53 PST" name="Default suite" finished-at="2024-01-09T03:30:02 PST" duration-ms="68569">
    <groups>
      <group name="cucumber">
        <method signature="AbstractTestNGCucumberTests.runScenario(io.cucumber.testng.PickleWrapper,io.cucumber.testng.FeatureWrapper)[pri:0, instance:runner.DataTableRunner@248e319b]" name="runScenario" class="io.cucumber.testng.AbstractTestNGCucumberTests"/>
      </group> <!-- cucumber -->
    </groups>
    <test started-at="2024-01-09T03:28:53 PST" name="Default test" finished-at="2024-01-09T03:30:02 PST" duration-ms="68569">
      <class name="runner.DataTableRunner">
        <test-method is-config="true" signature="setUpClass()[pri:0, instance:runner.DataTableRunner@248e319b]" started-at="2024-01-09T03:28:53 PST" name="setUpClass" finished-at="2024-01-09T03:28:55 PST" duration-ms="1197" status="PASS">
          <reporter-output>
          </reporter-output>
        </test-method> <!-- setUpClass -->
        <test-method signature="runScenario(io.cucumber.testng.PickleWrapper,io.cucumber.testng.FeatureWrapper)[pri:0, instance:runner.DataTableRunner@248e319b]" started-at="2024-01-09T03:28:55 PST" name="runScenario" description="Runs Cucumber Scenarios" data-provider="scenarios" finished-at="2024-01-09T03:29:34 PST" duration-ms="39361" status="PASS">
          <params>
            <param index="0">
              <value>
                <![CDATA["Validate Title & URL Of Zoho Cloud Software Suite for Businesse Page"]]>
              </value>
            </param>
            <param index="1">
              <value>
                <![CDATA["Optional[Validate Zoho Cloud Software Suite for Businesses & SignIn Page Of Zoho]"]]>
              </value>
            </param>
          </params>
          <reporter-output>
          </reporter-output>
        </test-method> <!-- runScenario -->
        <test-method signature="runScenario(io.cucumber.testng.PickleWrapper,io.cucumber.testng.FeatureWrapper)[pri:0, instance:runner.DataTableRunner@248e319b]" started-at="2024-01-09T03:29:34 PST" name="runScenario" description="Runs Cucumber Scenarios" data-provider="scenarios" finished-at="2024-01-09T03:29:59 PST" duration-ms="25223" status="PASS">
          <params>
            <param index="0">
              <value>
                <![CDATA["Validate SignIn Page Of Zoho"]]>
              </value>
            </param>
            <param index="1">
              <value>
                <![CDATA["Optional[Validate Zoho Cloud Software Suite for Businesses & SignIn Page Of Zoho]"]]>
              </value>
            </param>
          </params>
          <reporter-output>
          </reporter-output>
        </test-method> <!-- runScenario -->
        <test-method is-config="true" signature="tearDownClass()[pri:0, instance:runner.DataTableRunner@248e319b]" started-at="2024-01-09T03:29:59 PST" name="tearDownClass" finished-at="2024-01-09T03:30:02 PST" duration-ms="2614" status="PASS">
          <reporter-output>
          </reporter-output>
        </test-method> <!-- tearDownClass -->
      </class> <!-- runner.DataTableRunner -->
    </test> <!-- Default test -->
  </suite> <!-- Default suite -->
</testng-results>
